[ 1690670ms] ReferenceError: Package is not defined
    at SupplyChainCrisisDetector (http://localhost:3000/_next/static/chunks/Unihack_2026_Stratis_65de49a5._.js?id=%255Bproject%255D%252FUnihack_2026_Stratis%252Fapp%252Fpage.tsx+%255Bapp-client%255D+%2528ecmascript%2529:1081:425)
    at Object.react_stack_bottom_frame (http://localhost:3000/_next/static/chunks/13c6f_next_dist_compiled_react-dom_01e38eff._.js:14826:24)
    at renderWithHooks (http://localhost:3000/_next/static/chunks/13c6f_next_dist_compiled_react-dom_01e38eff._.js:4651:24)
    at updateFunctionComponent (http://localhost:3000/_next/static/chunks/13c6f_next_dist_compiled_react-dom_01e38eff._.js:6112:21)
    at beginWork (http://localhost:3000/_next/static/chunks/13c6f_next_dist_compiled_react-dom_01e38eff._.js:6708:24)
    at runWithFiberInDEV (http://localhost:3000/_next/static/chunks/13c6f_next_dist_compiled_react-dom_01e38eff._.js:965:74)
    at performUnitOfWork (http://localhost:3000/_next/static/chunks/13c6f_next_dist_compiled_react-dom_01e38eff._.js:9562:97)
    at workLoopSync (http://localhost:3000/_next/static/chunks/13c6f_next_dist_compiled_react-dom_01e38eff._.js:9456:40)
    at renderRootSync (http://localhost:3000/_next/static/chunks/13c6f_next_dist_compiled_react-dom_01e38eff._.js:9440:13)
    at performWorkOnRoot (http://localhost:3000/_next/static/chunks/13c6f_next_dist_compiled_react-dom_01e38eff._.js:9105:47)
    at performSyncWorkOnRoot (http://localhost:3000/_next/static/chunks/13c6f_next_dist_compiled_react-dom_01e38eff._.js:10238:9)
    at flushSyncWorkAcrossRoots_impl (http://localhost:3000/_next/static/chunks/13c6f_next_dist_compiled_react-dom_01e38eff._.js:10154:316)
    at flushSyncWork$1 (http://localhost:3000/_next/static/chunks/13c6f_next_dist_compiled_react-dom_01e38eff._.js:9237:86)
    at Object.scheduleRefresh (http://localhost:3000/_next/static/chunks/13c6f_next_dist_compiled_react-dom_01e38eff._.js:299:13)
    at http://localhost:3000/_next/static/chunks/13c6f_next_dist_compiled_8f6511f7._.js:391:33
    at Set.forEach (<anonymous>)
    at Object.performReactRefresh (http://localhost:3000/_next/static/chunks/13c6f_next_dist_compiled_8f6511f7._.js:384:38)
    at applyUpdate (http://localhost:3000/_next/static/chunks/13c6f_next_dist_compiled_8f6511f7._.js:878:31)
    at http://localhost:3000/_next/static/chunks/13c6f_next_dist_compiled_8f6511f7._.js:886:13
[ 1696276ms] [WARNING] [Fast Refresh] performing full reload because your application had an unrecoverable error @ http://localhost:3000/_next/static/chunks/13c6f_next_dist_7e7b5530._.js:2297
[ 1696578ms] ReferenceError: isProductBuilderOpen is not defined
    at SupplyChainCrisisDetector (http://localhost:3000/_next/static/chunks/Unihack_2026_Stratis_65de49a5._.js?id=%255Bproject%255D%252FUnihack_2026_Stratis%252Fapp%252Fpage.tsx+%255Bapp-client%255D+%2528ecmascript%2529:1084:42)
    at Object.react_stack_bottom_frame (http://localhost:3000/_next/static/chunks/13c6f_next_dist_compiled_react-dom_01e38eff._.js:14826:24)
    at renderWithHooks (http://localhost:3000/_next/static/chunks/13c6f_next_dist_compiled_react-dom_01e38eff._.js:4651:24)
    at updateFunctionComponent (http://localhost:3000/_next/static/chunks/13c6f_next_dist_compiled_react-dom_01e38eff._.js:6112:21)
    at beginWork (http://localhost:3000/_next/static/chunks/13c6f_next_dist_compiled_react-dom_01e38eff._.js:6708:24)
    at runWithFiberInDEV (http://localhost:3000/_next/static/chunks/13c6f_next_dist_compiled_react-dom_01e38eff._.js:965:74)
    at performUnitOfWork (http://localhost:3000/_next/static/chunks/13c6f_next_dist_compiled_react-dom_01e38eff._.js:9562:97)
    at workLoopSync (http://localhost:3000/_next/static/chunks/13c6f_next_dist_compiled_react-dom_01e38eff._.js:9456:40)
    at renderRootSync (http://localhost:3000/_next/static/chunks/13c6f_next_dist_compiled_react-dom_01e38eff._.js:9440:13)
    at performWorkOnRoot (http://localhost:3000/_next/static/chunks/13c6f_next_dist_compiled_react-dom_01e38eff._.js:9105:47)
    at performSyncWorkOnRoot (http://localhost:3000/_next/static/chunks/13c6f_next_dist_compiled_react-dom_01e38eff._.js:10238:9)
    at flushSyncWorkAcrossRoots_impl (http://localhost:3000/_next/static/chunks/13c6f_next_dist_compiled_react-dom_01e38eff._.js:10154:316)
    at flushSyncWork$1 (http://localhost:3000/_next/static/chunks/13c6f_next_dist_compiled_react-dom_01e38eff._.js:9237:86)
    at Object.scheduleRefresh (http://localhost:3000/_next/static/chunks/13c6f_next_dist_compiled_react-dom_01e38eff._.js:299:13)
    at http://localhost:3000/_next/static/chunks/13c6f_next_dist_compiled_8f6511f7._.js:391:33
    at Set.forEach (<anonymous>)
    at Object.performReactRefresh (http://localhost:3000/_next/static/chunks/13c6f_next_dist_compiled_8f6511f7._.js:384:38)
    at applyUpdate (http://localhost:3000/_next/static/chunks/13c6f_next_dist_compiled_8f6511f7._.js:878:31)
    at http://localhost:3000/_next/static/chunks/13c6f_next_dist_compiled_8f6511f7._.js:886:13
[ 1697500ms] [ERROR] Failed to load resource: the server responded with a status of 500 (Internal Server Error) @ http://localhost:3000/:0
[ 1698853ms] ReferenceError: isProductBuilderOpen is not defined
    at SupplyChainCrisisDetector (http://localhost:3000/_next/static/chunks/Unihack_2026_Stratis_65de49a5._.js:5354:42)
    at Object.react_stack_bottom_frame (http://localhost:3000/_next/static/chunks/13c6f_next_dist_compiled_react-dom_01e38eff._.js:14826:24)
    at renderWithHooks (http://localhost:3000/_next/static/chunks/13c6f_next_dist_compiled_react-dom_01e38eff._.js:4651:24)
    at updateFunctionComponent (http://localhost:3000/_next/static/chunks/13c6f_next_dist_compiled_react-dom_01e38eff._.js:6112:21)
    at beginWork (http://localhost:3000/_next/static/chunks/13c6f_next_dist_compiled_react-dom_01e38eff._.js:6708:24)
    at runWithFiberInDEV (http://localhost:3000/_next/static/chunks/13c6f_next_dist_compiled_react-dom_01e38eff._.js:965:74)
    at performUnitOfWork (http://localhost:3000/_next/static/chunks/13c6f_next_dist_compiled_react-dom_01e38eff._.js:9562:97)
    at workLoopSync (http://localhost:3000/_next/static/chunks/13c6f_next_dist_compiled_react-dom_01e38eff._.js:9456:40)
    at renderRootSync (http://localhost:3000/_next/static/chunks/13c6f_next_dist_compiled_react-dom_01e38eff._.js:9440:13)
    at performWorkOnRoot (http://localhost:3000/_next/static/chunks/13c6f_next_dist_compiled_react-dom_01e38eff._.js:9105:47)
    at performWorkOnRootViaSchedulerTask (http://localhost:3000/_next/static/chunks/13c6f_next_dist_compiled_react-dom_01e38eff._.js:10230:9)
    at MessagePort.performWorkUntilDeadline (http://localhost:3000/_next/static/chunks/13c6f_next_dist_compiled_8f6511f7._.js:2647:64)
[ 1698916ms] [ERROR] Failed to load resource: the server responded with a status of 404 (Not Found) @ http://localhost:3000/favicon.ico:0
[ 1701918ms] [WARNING] The resource http://localhost:3000/_next/static/chunks/%5Broot-of-the-server%5D__63a15033._.css was preloaded using link preload but not used within a few seconds from the window's load event. Please make sure it has an appropriate `as` value and it is preloaded intentionally. @ http://localhost:3000/:0
[ 1701918ms] [WARNING] The resource http://localhost:3000/_next/static/media/797e433ab948586e-s.p.dbea232f.woff2 was preloaded using link preload but not used within a few seconds from the window's load event. Please make sure it has an appropriate `as` value and it is preloaded intentionally. @ http://localhost:3000/:0
[ 1708383ms] [WARNING] [Fast Refresh] performing full reload because your application had an unrecoverable error @ http://localhost:3000/_next/static/chunks/13c6f_next_dist_7e7b5530._.js:2297
[ 8946345ms] [ERROR] WebSocket connection to 'ws://localhost:3000/_next/webpack-hmr?id=URjFZPyiLHHdhzubO3pYo' failed: Error in connection establishment: net::ERR_CONNECTION_REFUSED @ http://localhost:3000/_next/static/chunks/13c6f_next_dist_client_21e1bb71._.js:10878
[ 8947358ms] [ERROR] WebSocket connection to 'ws://localhost:3000/_next/webpack-hmr?id=URjFZPyiLHHdhzubO3pYo' failed: Error in connection establishment: net::ERR_CONNECTION_REFUSED @ http://localhost:3000/_next/static/chunks/13c6f_next_dist_client_21e1bb71._.js:10878
[ 8948363ms] [ERROR] WebSocket connection to 'ws://localhost:3000/_next/webpack-hmr?id=URjFZPyiLHHdhzubO3pYo' failed: Error in connection establishment: net::ERR_CONNECTION_REFUSED @ http://localhost:3000/_next/static/chunks/13c6f_next_dist_client_21e1bb71._.js:10878
[ 8949368ms] [ERROR] WebSocket connection to 'ws://localhost:3000/_next/webpack-hmr?id=URjFZPyiLHHdhzubO3pYo' failed: Error in connection establishment: net::ERR_CONNECTION_REFUSED @ http://localhost:3000/_next/static/chunks/13c6f_next_dist_client_21e1bb71._.js:10878
[ 8950373ms] [ERROR] WebSocket connection to 'ws://localhost:3000/_next/webpack-hmr?id=URjFZPyiLHHdhzubO3pYo' failed: Error in connection establishment: net::ERR_CONNECTION_REFUSED @ http://localhost:3000/_next/static/chunks/13c6f_next_dist_client_21e1bb71._.js:10878
[ 9508959ms] [ERROR] WebSocket connection to 'ws://localhost:3000/_next/webpack-hmr?id=ZRH5bTay3fy7O5eTX5bJb' failed: Error in connection establishment: net::ERR_CONNECTION_REFUSED @ http://localhost:3000/_next/static/chunks/13c6f_next_dist_client_21e1bb71._.js:10878
[ 9509971ms] [ERROR] WebSocket connection to 'ws://localhost:3000/_next/webpack-hmr?id=ZRH5bTay3fy7O5eTX5bJb' failed: Error in connection establishment: net::ERR_CONNECTION_REFUSED @ http://localhost:3000/_next/static/chunks/13c6f_next_dist_client_21e1bb71._.js:10878
[ 9932662ms] [ERROR] WebSocket connection to 'ws://localhost:3000/_next/webpack-hmr?id=PIRklEotZabsllR7oRADp' failed: Error in connection establishment: net::ERR_CONNECTION_REFUSED @ http://localhost:3000/_next/static/chunks/13c6f_next_dist_client_21e1bb71._.js:10878
[ 9933665ms] [ERROR] WebSocket connection to 'ws://localhost:3000/_next/webpack-hmr?id=PIRklEotZabsllR7oRADp' failed: Error in connection establishment: net::ERR_CONNECTION_REFUSED @ http://localhost:3000/_next/static/chunks/13c6f_next_dist_client_21e1bb71._.js:10878
